<report>
  <scripts>
    <script name="C:\Users\Ozan\Desktop\PLUMBEE\plumbee_actionscript_test\src\main\actionscript\com\plumbee\codetest\HighScoreInfo.as" mod="1410978205925" size="538" optimizedsize="240">
      <def id="com.plumbee.codetest:HighScoreInfo" />
      <pre id="Object" />
      <dep id="AS3" />
    </script>
    <script name="_54a52288ad8e55c7ca7f7c6743f5a839f8f4f9bd4f9d3c44c84d913c94131c12_flash_display_Sprite.as" mod="1411378585802" size="1095" optimizedsize="562">
      <def id="_54a52288ad8e55c7ca7f7c6743f5a839f8f4f9bd4f9d3c44c84d913c94131c12_flash_display_Sprite" />
      <pre id="flash.display:Sprite" />
      <dep id="AS3" />
      <dep id="flash.system:Security" />
    </script>
    <script name="C:\Users\Ozan\Desktop\PLUMBEE\plumbee_actionscript_test\src\main\actionscript\com\plumbee\codetest\IWordDictionary.as" mod="1410974428594" size="776" optimizedsize="285">
      <def id="com.plumbee.codetest:IWordDictionary" />
      <pre id="flash.events:IEventDispatcher" />
      <pre id="Object" />
      <dep id="AS3" />
    </script>
    <script name="C:\Users\Ozan\Desktop\PLUMBEE\plumbee_actionscript_test\src\main\actionscript\com\plumbee\codetest\IAnagramGame.as" mod="1410974428585" size="888" optimizedsize="286">
      <def id="com.plumbee.codetest:IAnagramGame" />
      <pre id="Object" />
      <dep id="AS3" />
    </script>
    <script name="C:\Users\Ozan\Desktop\PLUMBEE\plumbee_actionscript_test\src\main\actionscript\com\plumbee\codetest\WordDictionary.as" mod="1411318385059" size="1322" optimizedsize="830">
      <def id="com.plumbee.codetest:WordDictionary" />
      <pre id="com.plumbee.codetest:IWordDictionary" />
      <pre id="flash.events:EventDispatcher" />
      <dep id="AS3" />
      <dep id="flash.net:URLLoader" />
      <dep id="flash.net:URLRequest" />
      <dep id="flash.events:Event" />
    </script>
    <script name="C:\Users\Ozan\Desktop\PLUMBEE\plumbee_actionscript_test\src\main\actionscript\com\plumbee\codetest\AnagramGame.as" mod="1411318506396" size="2860" optimizedsize="1502">
      <def id="com.plumbee.codetest:AnagramGame" />
      <pre id="com.plumbee.codetest:IAnagramGame" />
      <pre id="Object" />
      <dep id="AS3" />
      <dep id="com.plumbee.codetest:IWordDictionary" />
      <dep id="com.plumbee.codetest:HighScoreInfo" />
      <dep id="flash.events:Event" />
    </script>
  </scripts>
  <external-defs>
    <ext id="flash.net:URLLoader" />
    <ext id="flash.display:Sprite" />
    <ext id="Object" />
    <ext id="flash.events:EventDispatcher" />
    <ext id="flash.net:URLRequest" />
    <ext id="flash.events:Event" />
    <ext id="flash.system:Security" />
    <ext id="flash.events:IEventDispatcher" />
    <ext id="AS3" />
  </external-defs>
</report>
